<?xml version="1.0" encoding="UTF-8"?>
<testsuites name="jest tests" tests="2" failures="0" time="1.862">
  <testsuite name="Card" errors="0" failures="0" skipped="0" timestamp="2019-03-23T07:25:25" time="1.109" tests="2">
    <testcase classname="Card is a Vue component" name="Card is a Vue component" time="0.016">
    </testcase>
    <testcase classname="Card renders header correctly" name="Card renders header correctly" time="0.01">
    </testcase>
  </testsuite>
</testsuites>